<?xml version="1.0" encoding="UTF-8"?>
<testsuite name="test_get_acces_key_4_tests.MyTestCase-20210413191937" tests="5" file="test_get_acces_key_4_tests.py" time="0.015" timestamp="2021-04-13T19:19:38" failures="0" errors="0" skipped="0">
	<testcase classname="test_get_acces_key_4_tests.MyTestCase" name="test_sintaxis_corchete_abierto_typo" time="0.000" timestamp="2021-04-13T19:19:38"/>
	<testcase classname="test_get_acces_key_4_tests.MyTestCase" name="test_sintaxis_corchete_cerrado_typo" time="0.001" timestamp="2021-04-13T19:19:38"/>
	<testcase classname="test_get_acces_key_4_tests.MyTestCase" name="test_sintaxis_email_typo" time="0.001" timestamp="2021-04-13T19:19:38"/>
	<testcase classname="test_get_acces_key_4_tests.MyTestCase" name="test_valido_1" time="0.003" timestamp="2021-04-13T19:19:38"/>
	<testcase classname="test_get_acces_key_4_tests.MyTestCase" name="test_valido_2" time="0.010" timestamp="2021-04-13T19:19:38"/>
</testsuite>
