<?xml version="1.0" encoding="UTF-8"?>
<testsuite name="test_get_acces_key_3_tests.MyTestCase-20210413191937" tests="20" file="test_get_acces_key_3_tests.py" time="0.016" timestamp="2021-04-13T19:19:38" failures="0" errors="0" skipped="0">
	<testcase classname="test_get_acces_key_3_tests.MyTestCase" name="test_sintaxis_comilla_typo" time="0.001" timestamp="2021-04-13T19:19:38"/>
	<testcase classname="test_get_acces_key_3_tests.MyTestCase" name="test_sintaxis_corchete_abierto_dup" time="0.001" timestamp="2021-04-13T19:19:38"/>
	<testcase classname="test_get_acces_key_3_tests.MyTestCase" name="test_sintaxis_corchete_abierto_elim" time="0.001" timestamp="2021-04-13T19:19:38"/>
	<testcase classname="test_get_acces_key_3_tests.MyTestCase" name="test_sintaxis_corchete_cerrado_dup" time="0.001" timestamp="2021-04-13T19:19:38"/>
	<testcase classname="test_get_acces_key_3_tests.MyTestCase" name="test_sintaxis_corchete_cerrado_elim" time="0.001" timestamp="2021-04-13T19:19:38"/>
	<testcase classname="test_get_acces_key_3_tests.MyTestCase" name="test_sintaxis_emails_coma_elim" time="0.000" timestamp="2021-04-13T19:19:38"/>
	<testcase classname="test_get_acces_key_3_tests.MyTestCase" name="test_sintaxis_str_email_dup" time="0.001" timestamp="2021-04-13T19:19:38"/>
	<testcase classname="test_get_acces_key_3_tests.MyTestCase" name="test_sintaxis_str_email_elim" time="0.000" timestamp="2021-04-13T19:19:38"/>
	<testcase classname="test_get_acces_key_3_tests.MyTestCase" name="test_sintaxis_str_emails_elim" time="0.001" timestamp="2021-04-13T19:19:38"/>
	<testcase classname="test_get_acces_key_3_tests.MyTestCase" name="test_sintaxis_str_nombre1_typo" time="0.001" timestamp="2021-04-13T19:19:38"/>
	<testcase classname="test_get_acces_key_3_tests.MyTestCase" name="test_sintaxis_str_nombre2_dup" time="0.001" timestamp="2021-04-13T19:19:38"/>
	<testcase classname="test_get_acces_key_3_tests.MyTestCase" name="test_sintaxis_str_nombre2_elim" time="0.002" timestamp="2021-04-13T19:19:38"/>
	<testcase classname="test_get_acces_key_3_tests.MyTestCase" name="test_sintaxis_str_nombre2_typo" time="0.001" timestamp="2021-04-13T19:19:38"/>
	<testcase classname="test_get_acces_key_3_tests.MyTestCase" name="test_sintaxis_str_nombre3_dup" time="0.000" timestamp="2021-04-13T19:19:38"/>
	<testcase classname="test_get_acces_key_3_tests.MyTestCase" name="test_sintaxis_str_nombre3_elim" time="0.001" timestamp="2021-04-13T19:19:38"/>
	<testcase classname="test_get_acces_key_3_tests.MyTestCase" name="test_sintaxis_str_nombre3_typo" time="0.001" timestamp="2021-04-13T19:19:38"/>
	<testcase classname="test_get_acces_key_3_tests.MyTestCase" name="test_sintaxis_str_valor1_typo" time="0.002" timestamp="2021-04-13T19:19:38"/>
	<testcase classname="test_get_acces_key_3_tests.MyTestCase" name="test_sintaxis_str_valor2_elim" time="0.001" timestamp="2021-04-13T19:19:38"/>
	<testcase classname="test_get_acces_key_3_tests.MyTestCase" name="test_sintaxis_str_valor2_sup" time="0.000" timestamp="2021-04-13T19:19:38"/>
	<testcase classname="test_get_acces_key_3_tests.MyTestCase" name="test_sintaxis_str_valor2_typo" time="0.001" timestamp="2021-04-13T19:19:38"/>
</testsuite>
