<?xml version="1.0" encoding="UTF-8"?>
<testsuite name="test_request_access_code_2_tests.MyTestCase-20210413191937" tests="6" file="test_request_access_code_2_tests.py" time="0.010" timestamp="2021-04-13T19:19:38" failures="0" errors="0" skipped="0">
	<testcase classname="test_request_access_code_2_tests.MyTestCase" name="test_request_access_code_validity_above_bottom_limit" time="0.002" timestamp="2021-04-13T19:19:38"/>
	<testcase classname="test_request_access_code_2_tests.MyTestCase" name="test_request_access_code_validity_above_top_limit" time="0.001" timestamp="2021-04-13T19:19:38"/>
	<testcase classname="test_request_access_code_2_tests.MyTestCase" name="test_request_access_code_validity_below_bottom_limit" time="0.001" timestamp="2021-04-13T19:19:38"/>
	<testcase classname="test_request_access_code_2_tests.MyTestCase" name="test_request_access_code_validity_below_top_limit" time="0.006" timestamp="2021-04-13T19:19:38"/>
	<testcase classname="test_request_access_code_2_tests.MyTestCase" name="test_request_access_code_validity_not_a_number" time="0.001" timestamp="2021-04-13T19:19:38"/>
	<testcase classname="test_request_access_code_2_tests.MyTestCase" name="test_request_access_code_validity_resident_days_not_0" time="0.000" timestamp="2021-04-13T19:19:38"/>
</testsuite>
