<?xml version="1.0" encoding="UTF-8"?>
<testsuite name="test_get_acces_key_2_tests.MyTestCase-20210413191937" tests="20" file="test_get_acces_key_2_tests.py" time="0.017" timestamp="2021-04-13T19:19:38" failures="0" errors="0" skipped="0">
	<testcase classname="test_get_acces_key_2_tests.MyTestCase" name="test_sintaxis_coma_typo" time="0.001" timestamp="2021-04-13T19:19:38"/>
	<testcase classname="test_get_acces_key_2_tests.MyTestCase" name="test_sintaxis_comilla_dup" time="0.001" timestamp="2021-04-13T19:19:38"/>
	<testcase classname="test_get_acces_key_2_tests.MyTestCase" name="test_sintaxis_comilla_elim" time="0.001" timestamp="2021-04-13T19:19:38"/>
	<testcase classname="test_get_acces_key_2_tests.MyTestCase" name="test_sintaxis_dato1_atb_dup" time="0.001" timestamp="2021-04-13T19:19:38"/>
	<testcase classname="test_get_acces_key_2_tests.MyTestCase" name="test_sintaxis_dato1_atb_elim" time="0.001" timestamp="2021-04-13T19:19:38"/>
	<testcase classname="test_get_acces_key_2_tests.MyTestCase" name="test_sintaxis_dato1_igual_dup" time="0.001" timestamp="2021-04-13T19:19:38"/>
	<testcase classname="test_get_acces_key_2_tests.MyTestCase" name="test_sintaxis_dato2_nombre_dup" time="0.000" timestamp="2021-04-13T19:19:38"/>
	<testcase classname="test_get_acces_key_2_tests.MyTestCase" name="test_sintaxis_dato2_nombre_elim" time="0.001" timestamp="2021-04-13T19:19:38"/>
	<testcase classname="test_get_acces_key_2_tests.MyTestCase" name="test_sintaxis_dato2_valor_dup" time="0.001" timestamp="2021-04-13T19:19:38"/>
	<testcase classname="test_get_acces_key_2_tests.MyTestCase" name="test_sintaxis_dato2_valor_elim" time="0.001" timestamp="2021-04-13T19:19:38"/>
	<testcase classname="test_get_acces_key_2_tests.MyTestCase" name="test_sintaxis_dato3_nombre_dup" time="0.001" timestamp="2021-04-13T19:19:38"/>
	<testcase classname="test_get_acces_key_2_tests.MyTestCase" name="test_sintaxis_dato3_nombre_elim" time="0.001" timestamp="2021-04-13T19:19:38"/>
	<testcase classname="test_get_acces_key_2_tests.MyTestCase" name="test_sintaxis_dato3_valor_dup" time="0.001" timestamp="2021-04-13T19:19:38"/>
	<testcase classname="test_get_acces_key_2_tests.MyTestCase" name="test_sintaxis_dato3_valor_elim" time="0.001" timestamp="2021-04-13T19:19:38"/>
	<testcase classname="test_get_acces_key_2_tests.MyTestCase" name="test_sintaxis_no_igual_dato1" time="0.001" timestamp="2021-04-13T19:19:38"/>
	<testcase classname="test_get_acces_key_2_tests.MyTestCase" name="test_sintaxis_no_nombre_dato1" time="0.001" timestamp="2021-04-13T19:19:38"/>
	<testcase classname="test_get_acces_key_2_tests.MyTestCase" name="test_sintaxis_str_nombre1_dup" time="0.001" timestamp="2021-04-13T19:19:38"/>
	<testcase classname="test_get_acces_key_2_tests.MyTestCase" name="test_sintaxis_str_nombre1_elim" time="0.001" timestamp="2021-04-13T19:19:38"/>
	<testcase classname="test_get_acces_key_2_tests.MyTestCase" name="test_sintaxis_str_valor1_dup" time="0.002" timestamp="2021-04-13T19:19:38"/>
	<testcase classname="test_get_acces_key_2_tests.MyTestCase" name="test_sintaxis_str_valor1_elim" time="0.001" timestamp="2021-04-13T19:19:38"/>
</testsuite>
